TN:
SF:src\app.js
FN:53,(anonymous_0)
FN:80,(anonymous_1)
FN:92,(anonymous_2)
FN:116,(anonymous_3)
FN:143,(anonymous_4)
FN:148,(anonymous_5)
FNF:6
FNH:1
FNDA:4,(anonymous_0)
FNDA:0,(anonymous_1)
FNDA:0,(anonymous_2)
FNDA:0,(anonymous_3)
FNDA:0,(anonymous_4)
FNDA:0,(anonymous_5)
DA:1,2
DA:2,2
DA:3,2
DA:4,2
DA:5,2
DA:6,2
DA:7,2
DA:8,2
DA:10,2
DA:11,2
DA:12,2
DA:15,2
DA:16,2
DA:17,2
DA:18,2
DA:19,2
DA:20,2
DA:21,2
DA:22,2
DA:23,2
DA:24,2
DA:25,2
DA:27,2
DA:30,2
DA:32,2
DA:35,2
DA:52,2
DA:53,4
DA:57,2
DA:60,2
DA:61,2
DA:62,2
DA:65,2
DA:68,2
DA:75,2
DA:76,0
DA:78,2
DA:80,0
DA:86,2
DA:89,2
DA:92,2
DA:93,0
DA:103,2
DA:104,2
DA:105,2
DA:106,2
DA:107,2
DA:108,2
DA:109,2
DA:110,2
DA:111,2
DA:112,2
DA:113,2
DA:116,2
DA:117,0
DA:137,2
DA:140,2
DA:143,2
DA:144,0
DA:148,2
DA:149,0
DA:150,0
DA:153,2
LF:63
LH:56
BRDA:53,0,0,2
BRDA:53,0,1,0
BRDA:69,1,0,2
BRDA:69,1,1,2
BRDA:75,2,0,0
BRDA:75,2,1,2
BRDA:98,3,0,0
BRDA:98,3,1,0
BRF:8
BRH:4
end_of_record
TN:
SF:src\controllers\adminUserController.js
FN:4,(anonymous_0)
FN:10,(anonymous_1)
FN:16,(anonymous_2)
FN:23,(anonymous_3)
FN:30,(anonymous_4)
FNF:5
FNH:0
FNDA:0,(anonymous_0)
FNDA:0,(anonymous_1)
FNDA:0,(anonymous_2)
FNDA:0,(anonymous_3)
FNDA:0,(anonymous_4)
DA:1,2
DA:2,2
DA:4,2
DA:5,0
DA:6,0
DA:7,0
DA:10,2
DA:11,0
DA:12,0
DA:13,0
DA:16,2
DA:17,0
DA:18,0
DA:19,0
DA:20,0
DA:23,2
DA:24,0
DA:25,0
DA:26,0
DA:27,0
DA:30,2
DA:31,0
DA:32,0
DA:33,0
DA:34,0
LF:25
LH:7
BRDA:5,0,0,0
BRDA:5,0,1,0
BRF:2
BRH:0
end_of_record
TN:
SF:src\controllers\authController.js
FN:8,(anonymous_0)
FN:22,(anonymous_1)
FN:54,(anonymous_2)
FN:87,(anonymous_3)
FN:105,(anonymous_4)
FN:121,(anonymous_5)
FNF:6
FNH:0
FNDA:0,(anonymous_0)
FNDA:0,(anonymous_1)
FNDA:0,(anonymous_2)
FNDA:0,(anonymous_3)
FNDA:0,(anonymous_4)
FNDA:0,(anonymous_5)
DA:1,2
DA:2,2
DA:8,2
DA:9,0
DA:11,0
DA:22,2
DA:23,0
DA:25,0
DA:30,0
DA:33,0
DA:40,0
DA:54,2
DA:55,0
DA:57,0
DA:58,0
DA:64,0
DA:67,0
DA:74,0
DA:87,2
DA:88,0
DA:90,0
DA:93,0
DA:95,0
DA:105,2
DA:106,0
DA:107,0
DA:109,0
DA:111,0
DA:121,2
DA:122,0
LF:30
LH:8
BRDA:36,0,0,0
BRDA:36,0,1,0
BRDA:55,1,0,0
BRDA:55,1,1,0
BRDA:57,2,0,0
BRDA:57,2,1,0
BRDA:70,3,0,0
BRDA:70,3,1,0
BRDA:88,4,0,0
BRDA:88,4,1,0
BRF:10
BRH:0
end_of_record
TN:
SF:src\middleware\auth.js
FN:8,authenticate
FN:70,authorize
FN:71,(anonymous_2)
FN:95,checkOwnership
FN:96,(anonymous_4)
FN:138,optionalAuth
FNF:6
FNH:1
FNDA:0,authenticate
FNDA:84,authorize
FNDA:0,(anonymous_2)
FNDA:0,checkOwnership
FNDA:0,(anonymous_4)
FNDA:0,optionalAuth
DA:1,2
DA:2,2
DA:3,2
DA:9,0
DA:11,0
DA:13,0
DA:14,0
DA:20,0
DA:23,0
DA:26,0
DA:40,0
DA:41,0
DA:47,0
DA:48,0
DA:55,0
DA:56,0
DA:58,0
DA:59,0
DA:71,84
DA:72,0
DA:73,0
DA:79,0
DA:80,0
DA:81,0
DA:87,0
DA:96,0
DA:97,0
DA:98,0
DA:99,0
DA:100,0
DA:103,0
DA:104,0
DA:108,0
DA:109,0
DA:114,0
DA:115,0
DA:118,0
DA:124,0
DA:126,0
DA:127,0
DA:139,0
DA:140,0
DA:142,0
DA:143,0
DA:146,0
DA:147,0
DA:149,0
DA:161,0
DA:162,0
DA:165,0
DA:168,0
DA:172,2
LF:52
LH:5
BRDA:13,0,0,0
BRDA:13,0,1,0
BRDA:13,1,0,0
BRDA:13,1,1,0
BRDA:40,2,0,0
BRDA:40,2,1,0
BRDA:47,3,0,0
BRDA:47,3,1,0
BRDA:72,4,0,0
BRDA:72,4,1,0
BRDA:79,5,0,0
BRDA:79,5,1,0
BRDA:95,6,0,0
BRDA:103,7,0,0
BRDA:103,7,1,0
BRDA:108,8,0,0
BRDA:108,8,1,0
BRDA:114,9,0,0
BRDA:114,9,1,0
BRDA:114,10,0,0
BRDA:114,10,1,0
BRDA:142,11,0,0
BRDA:142,11,1,0
BRDA:142,12,0,0
BRDA:142,12,1,0
BRDA:161,13,0,0
BRDA:161,13,1,0
BRDA:161,14,0,0
BRDA:161,14,1,0
BRF:29
BRH:0
end_of_record
TN:
SF:src\middleware\errorHandler.js
FN:6,errorHandler
FN:70,handlePrismaError
FN:112,notFoundHandler
FN:122,asyncHandler
FN:123,(anonymous_4)
FNF:5
FNH:1
FNDA:0,errorHandler
FNDA:0,handlePrismaError
FNDA:0,notFoundHandler
FNDA:114,asyncHandler
FNDA:0,(anonymous_4)
DA:1,2
DA:7,0
DA:17,0
DA:18,0
DA:22,0
DA:23,0
DA:30,0
DA:31,0
DA:39,0
DA:40,0
DA:47,0
DA:48,0
DA:55,0
DA:56,0
DA:60,0
DA:71,0
DA:74,0
DA:75,0
DA:82,0
DA:89,0
DA:96,0
DA:102,0
DA:113,0
DA:123,114
DA:124,0
DA:128,2
LF:26
LH:3
BRDA:17,0,0,0
BRDA:17,0,1,0
BRDA:17,1,0,0
BRDA:17,1,1,0
BRDA:22,2,0,0
BRDA:22,2,1,0
BRDA:22,3,0,0
BRDA:22,3,1,0
BRDA:22,3,2,0
BRDA:30,4,0,0
BRDA:30,4,1,0
BRDA:34,5,0,0
BRDA:34,5,1,0
BRDA:39,6,0,0
BRDA:39,6,1,0
BRDA:39,7,0,0
BRDA:39,7,1,0
BRDA:47,8,0,0
BRDA:47,8,1,0
BRDA:55,9,0,0
BRDA:55,9,1,0
BRDA:56,10,0,0
BRDA:56,10,1,0
BRDA:63,11,0,0
BRDA:63,11,1,0
BRDA:71,12,0,0
BRDA:71,12,1,0
BRDA:71,12,2,0
BRDA:71,12,3,0
BRDA:71,12,4,0
BRDA:74,13,0,0
BRDA:74,13,1,0
BRF:32
BRH:0
end_of_record
TN:
SF:src\middleware\rateLimiter.js
FN:21,(anonymous_0)
FNF:1
FNH:0
FNDA:0,(anonymous_0)
DA:1,2
DA:8,2
DA:23,0
DA:30,2
DA:49,2
DA:67,2
DA:85,2
DA:103,2
DA:118,2
LF:9
LH:8
BRDA:13,0,0,2
BRDA:13,0,1,2
BRDA:14,1,0,2
BRDA:14,1,1,2
BRDA:23,2,0,0
BRDA:23,2,1,0
BRDA:35,3,0,2
BRDA:35,3,1,2
BRDA:36,4,0,2
BRDA:36,4,1,2
BRDA:72,5,0,2
BRDA:72,5,1,2
BRDA:73,6,0,2
BRDA:73,6,1,2
BRF:14
BRH:12
end_of_record
TN:
SF:src\middleware\validator.js
FN:6,validate
FN:13,(anonymous_1)
FN:91,(anonymous_2)
FN:101,(anonymous_3)
FN:118,(anonymous_4)
FN:203,(anonymous_5)
FNF:6
FNH:1
FNDA:0,validate
FNDA:0,(anonymous_1)
FNDA:0,(anonymous_2)
FNDA:0,(anonymous_3)
FNDA:0,(anonymous_4)
FNDA:38,(anonymous_5)
DA:1,2
DA:7,0
DA:9,0
DA:10,0
DA:13,0
DA:21,0
DA:27,2
DA:92,0
DA:93,0
DA:94,0
DA:95,0
DA:97,0
DA:102,0
DA:103,0
DA:104,0
DA:105,0
DA:107,0
DA:119,0
DA:120,0
DA:121,0
DA:122,0
DA:124,0
DA:125,0
DA:128,0
DA:129,0
DA:130,0
DA:131,0
DA:133,0
DA:134,0
DA:136,0
DA:137,0
DA:138,0
DA:139,0
DA:141,0
DA:142,0
DA:143,0
DA:144,0
DA:146,0
DA:203,38
DA:242,2
LF:40
LH:4
BRDA:9,0,0,0
BRDA:9,0,1,0
BRDA:92,1,0,0
BRDA:92,1,1,0
BRDA:92,2,0,0
BRDA:92,2,1,0
BRDA:92,2,2,0
BRDA:93,3,0,0
BRDA:93,3,1,0
BRDA:94,4,0,0
BRDA:94,4,1,0
BRDA:94,5,0,0
BRDA:94,5,1,0
BRDA:102,6,0,0
BRDA:102,6,1,0
BRDA:102,7,0,0
BRDA:102,7,1,0
BRDA:102,7,2,0
BRDA:103,8,0,0
BRDA:103,8,1,0
BRDA:104,9,0,0
BRDA:104,9,1,0
BRDA:104,10,0,0
BRDA:104,10,1,0
BRDA:120,11,0,0
BRDA:120,11,1,0
BRDA:121,12,0,0
BRDA:121,12,1,0
BRDA:122,13,0,0
BRDA:122,13,1,0
BRDA:124,14,0,0
BRDA:124,14,1,0
BRDA:124,15,0,0
BRDA:124,15,1,0
BRDA:128,16,0,0
BRDA:128,16,1,0
BRDA:129,17,0,0
BRDA:129,17,1,0
BRDA:130,18,0,0
BRDA:130,18,1,0
BRDA:130,19,0,0
BRDA:130,19,1,0
BRDA:136,20,0,0
BRDA:136,20,1,0
BRDA:136,21,0,0
BRDA:136,21,1,0
BRDA:137,22,0,0
BRDA:137,22,1,0
BRDA:137,23,0,0
BRDA:137,23,1,0
BRDA:138,24,0,0
BRDA:138,24,1,0
BRDA:138,25,0,0
BRDA:138,25,1,0
BRDA:141,26,0,0
BRDA:141,26,1,0
BRDA:142,27,0,0
BRDA:142,27,1,0
BRDA:143,28,0,0
BRDA:143,28,1,0
BRDA:143,29,0,0
BRDA:143,29,1,0
BRDA:203,30,0,0
BRF:63
BRH:0
end_of_record
TN:
SF:src\routes\adminRoutes.js
FNF:0
FNH:0
DA:1,2
DA:2,2
DA:3,2
DA:4,2
DA:7,2
DA:10,2
DA:13,2
DA:16,2
DA:19,2
DA:22,2
DA:24,2
LF:11
LH:11
BRF:0
BRH:0
end_of_record
TN:
SF:src\routes\applicationRoutes.js
FN:20,(anonymous_0)
FN:47,(anonymous_1)
FN:76,(anonymous_2)
FN:111,(anonymous_3)
FN:143,(anonymous_4)
FN:171,(anonymous_5)
FN:193,(anonymous_6)
FN:216,(anonymous_7)
FN:237,(anonymous_8)
FNF:9
FNH:0
FNDA:0,(anonymous_0)
FNDA:0,(anonymous_1)
FNDA:0,(anonymous_2)
FNDA:0,(anonymous_3)
FNDA:0,(anonymous_4)
FNDA:0,(anonymous_5)
FNDA:0,(anonymous_6)
FNDA:0,(anonymous_7)
FNDA:0,(anonymous_8)
DA:1,2
DA:2,2
DA:3,2
DA:4,2
DA:5,2
DA:6,2
DA:7,2
DA:14,2
DA:21,0
DA:22,0
DA:28,0
DA:41,2
DA:48,0
DA:50,0
DA:55,0
DA:57,0
DA:70,2
DA:77,0
DA:86,0
DA:91,0
DA:93,0
DA:106,2
DA:112,0
DA:115,0
DA:116,0
DA:117,0
DA:118,0
DA:125,0
DA:137,2
DA:144,0
DA:145,0
DA:152,0
DA:165,2
DA:172,0
DA:174,0
DA:187,2
DA:194,0
DA:195,0
DA:197,0
DA:210,2
DA:217,0
DA:218,0
DA:220,0
DA:233,2
DA:238,0
DA:245,0
DA:247,0
DA:254,2
LF:48
LH:17
BRDA:51,0,0,0
BRDA:51,0,1,0
BRDA:52,1,0,0
BRDA:52,1,1,0
BRDA:87,2,0,0
BRDA:87,2,1,0
BRDA:88,3,0,0
BRDA:88,3,1,0
BRDA:115,4,0,0
BRDA:115,4,1,0
BRDA:117,5,0,0
BRDA:117,5,1,0
BRF:12
BRH:0
end_of_record
TN:
SF:src\routes\authRoutes.js
FNF:0
FNH:0
DA:1,2
DA:2,2
DA:3,2
DA:4,2
DA:5,2
DA:6,2
DA:13,2
DA:26,2
DA:39,2
DA:46,2
DA:53,2
DA:65,2
DA:67,2
LF:13
LH:13
BRF:0
BRH:0
end_of_record
TN:
SF:src\routes\candidateRoutes.js
FN:16,(anonymous_0)
FN:36,(anonymous_1)
FN:53,(anonymous_2)
FN:69,(anonymous_3)
FN:85,(anonymous_4)
FN:101,(anonymous_5)
FN:121,(anonymous_6)
FN:159,(anonymous_7)
FN:192,(anonymous_8)
FN:218,(anonymous_9)
FN:255,(anonymous_10)
FN:298,(anonymous_11)
FN:333,(anonymous_12)
FN:393,(anonymous_13)
FNF:14
FNH:0
FNDA:0,(anonymous_0)
FNDA:0,(anonymous_1)
FNDA:0,(anonymous_2)
FNDA:0,(anonymous_3)
FNDA:0,(anonymous_4)
FNDA:0,(anonymous_5)
FNDA:0,(anonymous_6)
FNDA:0,(anonymous_7)
FNDA:0,(anonymous_8)
FNDA:0,(anonymous_9)
FNDA:0,(anonymous_10)
FNDA:0,(anonymous_11)
FNDA:0,(anonymous_12)
FNDA:0,(anonymous_13)
DA:1,2
DA:2,2
DA:3,2
DA:4,2
DA:5,2
DA:6,2
DA:7,2
DA:8,2
DA:9,2
DA:16,2
DA:17,0
DA:19,0
DA:30,2
DA:37,0
DA:38,0
DA:40,0
DA:53,2
DA:54,0
DA:55,0
DA:57,0
DA:69,2
DA:70,0
DA:71,0
DA:73,0
DA:85,2
DA:86,0
DA:87,0
DA:89,0
DA:101,2
DA:102,0
DA:103,0
DA:105,0
DA:117,2
DA:122,0
DA:123,0
DA:124,0
DA:125,0
DA:134,0
DA:140,0
DA:142,0
DA:143,0
DA:153,2
DA:160,0
DA:166,0
DA:171,0
DA:173,0
DA:186,2
DA:193,0
DA:194,0
DA:195,0
DA:202,0
DA:211,2
DA:219,0
DA:221,0
DA:222,0
DA:228,0
DA:229,0
DA:231,0
DA:236,0
DA:249,2
DA:256,0
DA:257,0
DA:259,0
DA:260,0
DA:261,0
DA:267,0
DA:268,0
DA:272,0
DA:274,0
DA:296,2
DA:299,0
DA:301,0
DA:302,0
DA:303,0
DA:305,0
DA:318,0
DA:331,2
DA:334,0
DA:336,0
DA:337,0
DA:338,0
DA:340,0
DA:365,0
DA:366,0
DA:368,0
DA:374,0
DA:387,2
DA:394,0
DA:395,0
DA:404,0
DA:411,2
LF:91
LH:24
BRDA:162,0,0,0
BRDA:162,0,1,0
BRDA:167,1,0,0
BRDA:167,1,1,0
BRDA:168,2,0,0
BRDA:168,2,1,0
BRDA:221,3,0,0
BRDA:221,3,1,0
BRDA:221,4,0,0
BRDA:221,4,1,0
BRDA:228,5,0,0
BRDA:228,5,1,0
BRDA:229,6,0,0
BRDA:229,6,1,0
BRDA:257,7,0,0
BRDA:257,7,1,0
BRDA:260,8,0,0
BRDA:260,8,1,0
BRDA:268,9,0,0
BRDA:268,9,1,0
BRDA:268,9,2,0
BRDA:268,9,3,0
BRDA:318,10,0,0
BRDA:318,10,1,0
BRDA:320,11,0,0
BRDA:320,11,1,0
BRDA:338,12,0,0
BRDA:338,12,1,0
BRDA:342,13,0,0
BRDA:342,13,1,0
BRDA:345,14,0,0
BRDA:345,14,1,0
BRDA:346,15,0,0
BRDA:346,15,1,0
BRDA:354,16,0,0
BRDA:354,16,1,0
BRDA:355,17,0,0
BRDA:355,17,1,0
BRDA:356,18,0,0
BRDA:356,18,1,0
BRDA:358,19,0,0
BRDA:358,19,1,0
BRDA:374,20,0,0
BRDA:374,20,1,0
BRDA:376,21,0,0
BRDA:376,21,1,0
BRF:46
BRH:0
end_of_record
TN:
SF:src\routes\dashboardRoutes.js
FN:16,(anonymous_0)
FN:38,(anonymous_1)
FNF:2
FNH:0
FNDA:0,(anonymous_0)
FNDA:0,(anonymous_1)
DA:1,2
DA:2,2
DA:3,2
DA:4,2
DA:5,2
DA:12,2
DA:17,0
DA:19,0
DA:20,0
DA:21,0
DA:22,0
DA:34,2
DA:39,0
DA:40,0
DA:41,0
DA:42,0
DA:43,0
DA:50,2
LF:18
LH:8
BRF:0
BRH:0
end_of_record
TN:
SF:src\routes\documentRoutes.js
FN:8,(anonymous_0)
FNF:1
FNH:0
FNDA:0,(anonymous_0)
DA:1,2
DA:2,2
DA:3,2
DA:4,2
DA:5,2
DA:8,2
DA:9,0
DA:12,2
LF:8
LH:7
BRF:0
BRH:0
end_of_record
TN:
SF:src\routes\fptkRoutes.js
FN:19,(anonymous_0)
FN:40,(anonymous_1)
FN:74,(anonymous_2)
FN:107,(anonymous_3)
FN:136,(anonymous_4)
FN:158,(anonymous_5)
FN:180,(anonymous_6)
FNF:7
FNH:0
FNDA:0,(anonymous_0)
FNDA:0,(anonymous_1)
FNDA:0,(anonymous_2)
FNDA:0,(anonymous_3)
FNDA:0,(anonymous_4)
FNDA:0,(anonymous_5)
FNDA:0,(anonymous_6)
DA:1,2
DA:2,2
DA:3,2
DA:4,2
DA:5,2
DA:6,2
DA:13,2
DA:20,0
DA:22,0
DA:35,2
DA:41,0
DA:48,0
DA:53,0
DA:55,0
DA:68,2
DA:75,0
DA:82,0
DA:87,0
DA:89,0
DA:102,2
DA:108,0
DA:111,0
DA:112,0
DA:118,0
DA:130,2
DA:137,0
DA:139,0
DA:152,2
DA:159,0
DA:161,0
DA:174,2
DA:181,0
DA:183,0
DA:191,2
LF:34
LH:14
BRDA:49,0,0,0
BRDA:49,0,1,0
BRDA:50,1,0,0
BRDA:50,1,1,0
BRDA:83,2,0,0
BRDA:83,2,1,0
BRDA:84,3,0,0
BRDA:84,3,1,0
BRDA:111,4,0,0
BRDA:111,4,1,0
BRDA:111,5,0,0
BRDA:111,5,1,0
BRF:12
BRH:0
end_of_record
TN:
SF:src\routes\interviewRoutes.js
FN:8,(anonymous_0)
FNF:1
FNH:0
FNDA:0,(anonymous_0)
DA:1,2
DA:2,2
DA:3,2
DA:4,2
DA:5,2
DA:8,2
DA:9,0
DA:12,2
LF:8
LH:7
BRF:0
BRH:0
end_of_record
TN:
SF:src\routes\masterRoutes.js
FN:20,(anonymous_0)
FN:46,(anonymous_1)
FN:65,(anonymous_2)
FN:87,(anonymous_3)
FN:109,(anonymous_4)
FN:130,(anonymous_5)
FN:157,(anonymous_6)
FN:176,(anonymous_7)
FN:198,(anonymous_8)
FN:220,(anonymous_9)
FNF:10
FNH:0
FNDA:0,(anonymous_0)
FNDA:0,(anonymous_1)
FNDA:0,(anonymous_2)
FNDA:0,(anonymous_3)
FNDA:0,(anonymous_4)
FNDA:0,(anonymous_5)
FNDA:0,(anonymous_6)
FNDA:0,(anonymous_7)
FNDA:0,(anonymous_8)
FNDA:0,(anonymous_9)
DA:1,2
DA:2,2
DA:3,2
DA:4,2
DA:5,2
DA:6,2
DA:7,2
DA:16,2
DA:21,0
DA:26,0
DA:28,0
DA:40,2
DA:47,0
DA:49,0
DA:61,2
DA:66,0
DA:68,0
DA:81,2
DA:88,0
DA:90,0
DA:103,2
DA:110,0
DA:112,0
DA:126,2
DA:131,0
DA:137,0
DA:139,0
DA:151,2
DA:158,0
DA:160,0
DA:172,2
DA:177,0
DA:179,0
DA:192,2
DA:199,0
DA:201,0
DA:214,2
DA:221,0
DA:223,0
DA:230,2
LF:40
LH:18
BRF:0
BRH:0
end_of_record
TN:
SF:src\routes\offerRoutes.js
FN:7,(anonymous_0)
FNF:1
FNH:0
FNDA:0,(anonymous_0)
DA:1,2
DA:2,2
DA:3,2
DA:4,2
DA:7,2
DA:8,0
DA:11,2
LF:7
LH:6
BRF:0
BRH:0
end_of_record
TN:
SF:src\routes\onboardingRoutes.js
FN:7,(anonymous_0)
FNF:1
FNH:0
FNDA:0,(anonymous_0)
DA:1,2
DA:2,2
DA:3,2
DA:4,2
DA:7,2
DA:8,0
DA:11,2
LF:7
LH:6
BRF:0
BRH:0
end_of_record
TN:
SF:src\services\adminUserService.js
FN:4,mapUser
FN:19,listUsers
FN:35,createUser
FN:51,(anonymous_3)
FN:76,updateUser
FN:79,(anonymous_5)
FN:97,updateStatus
FN:102,resetPassword
FNF:8
FNH:0
FNDA:0,mapUser
FNDA:0,listUsers
FNDA:0,createUser
FNDA:0,(anonymous_3)
FNDA:0,updateUser
FNDA:0,(anonymous_5)
FNDA:0,updateStatus
FNDA:0,resetPassword
DA:1,2
DA:2,2
DA:5,0
DA:20,0
DA:32,0
DA:45,0
DA:47,0
DA:51,0
DA:52,0
DA:72,0
DA:73,0
DA:79,0
DA:80,0
DA:93,0
DA:94,0
DA:98,0
DA:99,0
DA:103,0
DA:104,0
DA:110,2
LF:20
LH:3
BRDA:10,0,0,0
BRDA:10,0,1,0
BRDA:12,1,0,0
BRDA:12,1,1,0
BRDA:13,2,0,0
BRDA:13,2,1,0
BRDA:15,3,0,0
BRDA:15,3,1,0
BRDA:21,4,0,0
BRDA:21,4,1,0
BRDA:47,5,0,0
BRDA:47,5,1,0
BRDA:51,6,0,0
BRDA:51,6,1,0
BRDA:60,7,0,0
BRDA:60,7,1,0
BRDA:62,8,0,0
BRDA:62,8,1,0
BRDA:63,9,0,0
BRDA:63,9,1,0
BRDA:79,10,0,0
BRDA:79,10,1,0
BRDA:85,11,0,0
BRDA:85,11,1,0
BRDA:87,12,0,0
BRDA:87,12,1,0
BRDA:88,13,0,0
BRDA:88,13,1,0
BRDA:103,14,0,0
BRDA:103,14,1,0
BRF:30
BRH:0
end_of_record
TN:
SF:src\services\applicationService.js
FN:7,createApplication
FN:66,getApplicationById
FN:126,getCandidateApplications
FN:170,getAllApplications
FN:265,updateApplicationStatus
FN:345,withdrawApplication
FN:367,shortlistApplication
FN:391,rejectApplication
FN:398,getApplicationStatistics
FNF:9
FNH:0
FNDA:0,createApplication
FNDA:0,getApplicationById
FNDA:0,getCandidateApplications
FNDA:0,getAllApplications
FNDA:0,updateApplicationStatus
FNDA:0,withdrawApplication
FNDA:0,shortlistApplication
FNDA:0,rejectApplication
FNDA:0,getApplicationStatistics
DA:1,2
DA:2,2
DA:9,0
DA:19,0
DA:20,0
DA:24,0
DA:28,0
DA:29,0
DA:32,0
DA:33,0
DA:36,0
DA:49,0
DA:58,0
DA:60,0
DA:67,0
DA:116,0
DA:117,0
DA:120,0
DA:127,0
DA:128,0
DA:130,0
DA:156,0
DA:171,0
DA:172,0
DA:174,0
DA:176,0
DA:177,0
DA:180,0
DA:181,0
DA:184,0
DA:185,0
DA:188,0
DA:189,0
DA:192,0
DA:193,0
DA:196,0
DA:197,0
DA:205,0
DA:251,0
DA:266,0
DA:270,0
DA:271,0
DA:274,0
DA:277,0
DA:297,0
DA:299,0
DA:305,0
DA:306,0
DA:307,0
DA:308,0
DA:309,0
DA:310,0
DA:311,0
DA:312,0
DA:313,0
DA:314,0
DA:315,0
DA:316,0
DA:317,0
DA:321,0
DA:327,0
DA:337,0
DA:339,0
DA:346,0
DA:353,0
DA:354,0
DA:357,0
DA:358,0
DA:361,0
DA:368,0
DA:372,0
DA:373,0
DA:377,0
DA:378,0
DA:379,0
DA:380,0
DA:382,0
DA:385,0
DA:392,0
DA:399,0
DA:401,0
DA:402,0
DA:405,0
DA:406,0
DA:409,0
DA:410,0
DA:413,0
DA:414,0
DA:422,0
DA:439,0
DA:447,2
LF:91
LH:3
BRDA:7,0,0,0
BRDA:19,1,0,0
BRDA:19,1,1,0
BRDA:28,2,0,0
BRDA:28,2,1,0
BRDA:32,3,0,0
BRDA:32,3,1,0
BRDA:32,4,0,0
BRDA:32,4,1,0
BRDA:42,5,0,0
BRDA:42,5,1,0
BRDA:116,6,0,0
BRDA:116,6,1,0
BRDA:127,7,0,0
BRDA:127,8,0,0
BRDA:171,9,0,0
BRDA:171,10,0,0
BRDA:176,11,0,0
BRDA:176,11,1,0
BRDA:180,12,0,0
BRDA:180,12,1,0
BRDA:184,13,0,0
BRDA:184,13,1,0
BRDA:188,14,0,0
BRDA:188,14,1,0
BRDA:192,15,0,0
BRDA:192,15,1,0
BRDA:196,16,0,0
BRDA:196,16,1,0
BRDA:265,17,0,0
BRDA:270,18,0,0
BRDA:270,18,1,0
BRDA:297,19,0,0
BRDA:297,19,1,0
BRDA:305,20,0,0
BRDA:305,20,1,0
BRDA:307,21,0,0
BRDA:307,21,1,0
BRDA:309,22,0,0
BRDA:309,22,1,0
BRDA:311,23,0,0
BRDA:311,23,1,0
BRDA:313,24,0,0
BRDA:313,24,1,0
BRDA:316,25,0,0
BRDA:316,25,1,0
BRDA:353,26,0,0
BRDA:353,26,1,0
BRDA:357,27,0,0
BRDA:357,27,1,0
BRDA:372,28,0,0
BRDA:372,28,1,0
BRDA:377,29,0,0
BRDA:377,29,1,0
BRDA:379,30,0,0
BRDA:379,30,1,0
BRDA:398,31,0,0
BRDA:401,32,0,0
BRDA:401,32,1,0
BRDA:405,33,0,0
BRDA:405,33,1,0
BRDA:409,34,0,0
BRDA:409,34,1,0
BRDA:413,35,0,0
BRDA:413,35,1,0
BRF:65
BRH:0
end_of_record
TN:
SF:src\services\authService.js
FN:16,registerCandidate
FN:32,(anonymous_1)
FN:68,login
FN:158,refreshAccessToken
FN:218,logout
FN:228,changePassword
FNF:6
FNH:0
FNDA:0,registerCandidate
FNDA:0,(anonymous_1)
FNDA:0,login
FNDA:0,refreshAccessToken
FNDA:0,logout
FNDA:0,changePassword
DA:1,2
DA:2,2
DA:10,2
DA:11,2
DA:17,0
DA:20,0
DA:24,0
DA:25,0
DA:29,0
DA:32,0
DA:33,0
DA:45,0
DA:51,0
DA:54,0
DA:56,0
DA:70,0
DA:74,0
DA:75,0
DA:79,0
DA:80,0
DA:81,0
DA:85,0
DA:86,0
DA:90,0
DA:92,0
DA:94,0
DA:95,0
DA:96,0
DA:98,0
DA:102,0
DA:103,0
DA:104,0
DA:107,0
DA:112,0
DA:116,0
DA:126,0
DA:132,0
DA:137,0
DA:139,0
DA:141,0
DA:160,0
DA:163,0
DA:167,0
DA:168,0
DA:171,0
DA:173,0
DA:174,0
DA:175,0
DA:178,0
DA:179,0
DA:183,0
DA:187,0
DA:188,0
DA:192,0
DA:198,0
DA:203,0
DA:204,0
DA:209,0
DA:219,0
DA:220,0
DA:221,0
DA:229,0
DA:233,0
DA:234,0
DA:238,0
DA:239,0
DA:240,0
DA:244,0
DA:247,0
DA:253,0
DA:255,0
DA:258,2
LF:72
LH:5
BRDA:24,0,0,0
BRDA:24,0,1,0
BRDA:68,1,0,0
BRDA:74,2,0,0
BRDA:74,2,1,0
BRDA:79,3,0,0
BRDA:79,3,1,0
BRDA:79,4,0,0
BRDA:79,4,1,0
BRDA:85,5,0,0
BRDA:85,5,1,0
BRDA:90,6,0,0
BRDA:90,6,1,0
BRDA:92,7,0,0
BRDA:92,7,1,0
BRDA:95,8,0,0
BRDA:95,8,1,0
BRDA:96,9,0,0
BRDA:96,9,1,0
BRDA:102,10,0,0
BRDA:102,10,1,0
BRDA:167,11,0,0
BRDA:167,11,1,0
BRDA:171,12,0,0
BRDA:171,12,1,0
BRDA:178,13,0,0
BRDA:178,13,1,0
BRDA:187,14,0,0
BRDA:187,14,1,0
BRDA:187,15,0,0
BRDA:187,15,1,0
BRDA:219,16,0,0
BRDA:219,16,1,0
BRDA:233,17,0,0
BRDA:233,17,1,0
BRDA:238,18,0,0
BRDA:238,18,1,0
BRDA:239,19,0,0
BRDA:239,19,1,0
BRF:39
BRH:0
end_of_record
TN:
SF:src\services\candidateFormTokenService.js
FN:6,generateToken
FN:11,isExpired
FN:15,createCandidateFormToken
FN:44,getCandidateFormToken
FN:50,validateCandidateFormToken
FN:74,markCandidateFormTokenSubmitted
FNF:6
FNH:0
FNDA:0,generateToken
FNDA:0,isExpired
FNDA:0,createCandidateFormToken
FNDA:0,getCandidateFormToken
FNDA:0,validateCandidateFormToken
FNDA:0,markCandidateFormTokenSubmitted
DA:1,2
DA:3,2
DA:4,2
DA:7,0
DA:8,0
DA:12,0
DA:16,0
DA:17,0
DA:18,0
DA:21,0
DA:31,0
DA:39,0
DA:41,0
DA:45,0
DA:51,0
DA:53,0
DA:54,0
DA:55,0
DA:56,0
DA:59,0
DA:60,0
DA:61,0
DA:62,0
DA:65,0
DA:66,0
DA:67,0
DA:68,0
DA:71,0
DA:75,0
DA:83,2
LF:30
LH:4
BRDA:15,0,0,0
BRDA:16,1,0,0
BRDA:16,1,1,0
BRDA:53,2,0,0
BRDA:53,2,1,0
BRDA:59,3,0,0
BRDA:59,3,1,0
BRDA:65,4,0,0
BRDA:65,4,1,0
BRF:9
BRH:0
end_of_record
TN:
SF:src\services\candidateService.js
FN:6,parseFormDataDiri
FN:23,createCandidate
FN:81,(anonymous_2)
FN:83,(anonymous_3)
FN:83,(anonymous_4)
FN:100,(anonymous_5)
FN:102,(anonymous_6)
FN:189,(anonymous_7)
FN:190,(anonymous_8)
FN:303,(anonymous_9)
FN:303,(anonymous_10)
FN:326,getCandidateProfile
FN:377,(anonymous_12)
FN:377,(anonymous_13)
FN:400,getCandidateByUserId
FN:463,updateCandidateProfile
FN:482,updateCandidate
FN:522,(anonymous_17)
FN:524,(anonymous_18)
FN:526,(anonymous_19)
FN:526,(anonymous_20)
FN:622,(anonymous_21)
FN:622,(anonymous_22)
FN:636,(anonymous_23)
FN:637,(anonymous_24)
FN:706,(anonymous_25)
FN:706,(anonymous_26)
FN:773,(anonymous_27)
FN:773,(anonymous_28)
FN:796,addEducation
FN:810,addWorkExperience
FN:824,addCertification
FN:838,addReference
FN:852,searchCandidates
FN:905,(anonymous_34)
FN:932,(anonymous_35)
FN:932,(anonymous_36)
FN:979,deleteEducation
FN:991,deleteWorkExperience
FNF:39
FNH:0
FNDA:0,parseFormDataDiri
FNDA:0,createCandidate
FNDA:0,(anonymous_2)
FNDA:0,(anonymous_3)
FNDA:0,(anonymous_4)
FNDA:0,(anonymous_5)
FNDA:0,(anonymous_6)
FNDA:0,(anonymous_7)
FNDA:0,(anonymous_8)
FNDA:0,(anonymous_9)
FNDA:0,(anonymous_10)
FNDA:0,getCandidateProfile
FNDA:0,(anonymous_12)
FNDA:0,(anonymous_13)
FNDA:0,getCandidateByUserId
FNDA:0,updateCandidateProfile
FNDA:0,updateCandidate
FNDA:0,(anonymous_17)
FNDA:0,(anonymous_18)
FNDA:0,(anonymous_19)
FNDA:0,(anonymous_20)
FNDA:0,(anonymous_21)
FNDA:0,(anonymous_22)
FNDA:0,(anonymous_23)
FNDA:0,(anonymous_24)
FNDA:0,(anonymous_25)
FNDA:0,(anonymous_26)
FNDA:0,(anonymous_27)
FNDA:0,(anonymous_28)
FNDA:0,addEducation
FNDA:0,addWorkExperience
FNDA:0,addCertification
FNDA:0,addReference
FNDA:0,searchCandidates
FNDA:0,(anonymous_34)
FNDA:0,(anonymous_35)
FNDA:0,(anonymous_36)
FNDA:0,deleteEducation
FNDA:0,deleteWorkExperience
DA:1,2
DA:2,2
DA:3,2
DA:4,2
DA:7,0
DA:8,0
DA:9,0
DA:10,0
DA:12,0
DA:13,0
DA:17,0
DA:24,0
DA:44,0
DA:46,0
DA:69,0
DA:73,0
DA:74,0
DA:78,0
DA:81,0
DA:82,0
DA:83,0
DA:85,0
DA:86,0
DA:88,0
DA:89,0
DA:92,0
DA:97,0
DA:100,0
DA:102,0
DA:103,0
DA:105,0
DA:125,0
DA:126,0
DA:129,0
DA:130,0
DA:131,0
DA:136,0
DA:140,0
DA:141,0
DA:142,0
DA:143,0
DA:145,0
DA:148,0
DA:153,0
DA:154,0
DA:155,0
DA:158,0
DA:163,0
DA:164,0
DA:165,0
DA:168,0
DA:173,0
DA:174,0
DA:177,0
DA:178,0
DA:181,0
DA:182,0
DA:183,0
DA:184,0
DA:185,0
DA:187,0
DA:189,0
DA:190,0
DA:195,0
DA:219,0
DA:227,0
DA:243,0
DA:246,0
DA:247,0
DA:248,0
DA:251,0
DA:254,0
DA:273,0
DA:274,0
DA:278,0
DA:279,0
DA:280,0
DA:282,0
DA:283,0
DA:287,0
DA:288,0
DA:289,0
DA:290,0
DA:292,0
DA:295,0
DA:296,0
DA:297,0
DA:298,0
DA:300,0
DA:301,0
DA:302,0
DA:303,0
DA:304,0
DA:305,0
DA:306,0
DA:308,0
DA:309,0
DA:312,0
DA:313,0
DA:314,0
DA:315,0
DA:318,0
DA:320,0
DA:327,0
DA:352,0
DA:353,0
DA:357,0
DA:358,0
DA:362,0
DA:363,0
DA:364,0
DA:365,0
DA:367,0
DA:370,0
DA:371,0
DA:372,0
DA:373,0
DA:374,0
DA:375,0
DA:376,0
DA:377,0
DA:378,0
DA:379,0
DA:380,0
DA:382,0
DA:383,0
DA:386,0
DA:387,0
DA:388,0
DA:389,0
DA:392,0
DA:394,0
DA:401,0
DA:426,0
DA:427,0
DA:431,0
DA:432,0
DA:436,0
DA:437,0
DA:438,0
DA:439,0
DA:441,0
DA:444,0
DA:445,0
DA:446,0
DA:447,0
DA:450,0
DA:451,0
DA:452,0
DA:455,0
DA:457,0
DA:465,0
DA:466,0
DA:469,0
DA:474,0
DA:476,0
DA:484,0
DA:504,0
DA:507,0
DA:518,0
DA:521,0
DA:522,0
DA:524,0
DA:525,0
DA:526,0
DA:528,0
DA:529,0
DA:531,0
DA:532,0
DA:535,0
DA:540,0
DA:541,0
DA:542,0
DA:543,0
DA:545,0
DA:548,0
DA:561,0
DA:562,0
DA:563,0
DA:564,0
DA:565,0
DA:567,0
DA:568,0
DA:570,0
DA:571,0
DA:575,0
DA:579,0
DA:582,0
DA:583,0
DA:585,0
DA:586,0
DA:589,0
DA:591,0
DA:593,0
DA:596,0
DA:598,0
DA:602,0
DA:603,0
DA:604,0
DA:606,0
DA:611,0
DA:612,0
DA:613,0
DA:615,0
DA:620,0
DA:621,0
DA:622,0
DA:624,0
DA:628,0
DA:629,0
DA:630,0
DA:631,0
DA:632,0
DA:634,0
DA:636,0
DA:637,0
DA:639,0
DA:644,0
DA:645,0
DA:646,0
DA:650,0
DA:653,0
DA:654,0
DA:655,0
DA:656,0
DA:657,0
DA:658,0
DA:659,0
DA:660,0
DA:662,0
DA:663,0
DA:666,0
DA:667,0
DA:668,0
DA:670,0
DA:673,0
DA:674,0
DA:675,0
DA:677,0
DA:680,0
DA:681,0
DA:682,0
DA:684,0
DA:685,0
DA:690,0
DA:693,0
DA:695,0
DA:696,0
DA:698,0
DA:699,0
DA:701,0
DA:702,0
DA:704,0
DA:705,0
DA:706,0
DA:713,0
DA:718,0
DA:719,0
DA:720,0
DA:723,0
DA:724,0
DA:728,0
DA:729,0
DA:730,0
DA:731,0
DA:732,0
DA:734,0
DA:752,0
DA:753,0
DA:757,0
DA:758,0
DA:759,0
DA:760,0
DA:762,0
DA:765,0
DA:766,0
DA:767,0
DA:768,0
DA:770,0
DA:771,0
DA:772,0
DA:773,0
DA:774,0
DA:775,0
DA:776,0
DA:778,0
DA:779,0
DA:782,0
DA:783,0
DA:784,0
DA:785,0
DA:788,0
DA:790,0
DA:797,0
DA:804,0
DA:811,0
DA:818,0
DA:825,0
DA:832,0
DA:839,0
DA:846,0
DA:853,0
DA:854,0
DA:856,0
DA:858,0
DA:859,0
DA:866,0
DA:867,0
DA:870,0
DA:871,0
DA:874,0
DA:905,0
DA:907,0
DA:908,0
DA:909,0
DA:916,0
DA:917,0
DA:918,0
DA:919,0
DA:921,0
DA:924,0
DA:925,0
DA:926,0
DA:927,0
DA:929,0
DA:930,0
DA:931,0
DA:932,0
DA:933,0
DA:934,0
DA:935,0
DA:937,0
DA:938,0
DA:941,0
DA:942,0
DA:943,0
DA:944,0
DA:947,0
DA:950,0
DA:953,0
DA:954,0
DA:955,0
DA:965,0
DA:980,0
DA:992,0
DA:1000,2
LF:346
LH:5
BRDA:7,0,0,0
BRDA:7,0,1,0
BRDA:7,1,0,0
BRDA:7,1,1,0
BRDA:8,2,0,0
BRDA:8,2,1,0
BRDA:73,3,0,0
BRDA:73,3,1,0
BRDA:82,4,0,0
BRDA:82,4,1,0
BRDA:85,5,0,0
BRDA:85,5,1,0
BRDA:85,6,0,0
BRDA:85,6,1,0
BRDA:89,7,0,0
BRDA:89,7,1,0
BRDA:92,8,0,0
BRDA:92,8,1,0
BRDA:97,9,0,0
BRDA:97,9,1,0
BRDA:102,10,0,0
BRDA:102,10,1,0
BRDA:113,11,0,0
BRDA:113,11,1,0
BRDA:115,12,0,0
BRDA:115,12,1,0
BRDA:130,13,0,0
BRDA:130,13,1,0
BRDA:140,14,0,0
BRDA:140,14,1,0
BRDA:141,15,0,0
BRDA:141,15,1,0
BRDA:143,16,0,0
BRDA:143,16,1,0
BRDA:143,17,0,0
BRDA:143,17,1,0
BRDA:153,18,0,0
BRDA:153,18,1,0
BRDA:154,19,0,0
BRDA:154,19,1,0
BRDA:154,20,0,0
BRDA:154,20,1,0
BRDA:163,21,0,0
BRDA:163,21,1,0
BRDA:164,22,0,0
BRDA:164,22,1,0
BRDA:164,23,0,0
BRDA:164,23,1,0
BRDA:173,24,0,0
BRDA:173,24,1,0
BRDA:173,25,0,0
BRDA:173,25,1,0
BRDA:182,26,0,0
BRDA:182,26,1,0
BRDA:183,27,0,0
BRDA:183,27,1,0
BRDA:185,28,0,0
BRDA:185,28,1,0
BRDA:198,29,0,0
BRDA:198,29,1,0
BRDA:198,30,0,0
BRDA:198,30,1,0
BRDA:199,31,0,0
BRDA:199,31,1,0
BRDA:200,32,0,0
BRDA:200,32,1,0
BRDA:200,33,0,0
BRDA:200,33,1,0
BRDA:201,34,0,0
BRDA:201,34,1,0
BRDA:201,35,0,0
BRDA:201,35,1,0
BRDA:202,36,0,0
BRDA:202,36,1,0
BRDA:202,37,0,0
BRDA:202,37,1,0
BRDA:203,38,0,0
BRDA:203,38,1,0
BRDA:203,39,0,0
BRDA:203,39,1,0
BRDA:204,40,0,0
BRDA:204,40,1,0
BRDA:204,41,0,0
BRDA:204,41,1,0
BRDA:205,42,0,0
BRDA:205,42,1,0
BRDA:207,43,0,0
BRDA:207,43,1,0
BRDA:207,44,0,0
BRDA:207,44,1,0
BRDA:207,45,0,0
BRDA:207,45,1,0
BRDA:208,46,0,0
BRDA:208,46,1,0
BRDA:208,47,0,0
BRDA:208,47,1,0
BRDA:208,48,0,0
BRDA:208,48,1,0
BRDA:209,49,0,0
BRDA:209,49,1,0
BRDA:209,50,0,0
BRDA:209,50,1,0
BRDA:210,51,0,0
BRDA:210,51,1,0
BRDA:210,52,0,0
BRDA:210,52,1,0
BRDA:211,53,0,0
BRDA:211,53,1,0
BRDA:211,54,0,0
BRDA:211,54,1,0
BRDA:214,55,0,0
BRDA:214,55,1,0
BRDA:214,56,0,0
BRDA:214,56,1,0
BRDA:214,56,2,0
BRDA:214,56,3,0
BRDA:214,56,4,0
BRDA:273,57,0,0
BRDA:273,57,1,0
BRDA:278,58,0,0
BRDA:278,58,1,0
BRDA:287,59,0,0
BRDA:287,59,1,0
BRDA:288,60,0,0
BRDA:288,60,1,0
BRDA:295,61,0,0
BRDA:295,61,1,0
BRDA:295,62,0,0
BRDA:295,62,1,0
BRDA:296,63,0,0
BRDA:296,63,1,0
BRDA:297,64,0,0
BRDA:297,64,1,0
BRDA:298,65,0,0
BRDA:298,65,1,0
BRDA:302,66,0,0
BRDA:302,66,1,0
BRDA:304,67,0,0
BRDA:304,67,1,0
BRDA:304,68,0,0
BRDA:304,68,1,0
BRDA:306,69,0,0
BRDA:306,69,1,0
BRDA:352,70,0,0
BRDA:352,70,1,0
BRDA:357,71,0,0
BRDA:357,71,1,0
BRDA:362,72,0,0
BRDA:362,72,1,0
BRDA:363,73,0,0
BRDA:363,73,1,0
BRDA:370,74,0,0
BRDA:370,74,1,0
BRDA:370,75,0,0
BRDA:370,75,1,0
BRDA:371,76,0,0
BRDA:371,76,1,0
BRDA:372,77,0,0
BRDA:372,77,1,0
BRDA:373,78,0,0
BRDA:373,78,1,0
BRDA:376,79,0,0
BRDA:376,79,1,0
BRDA:378,80,0,0
BRDA:378,80,1,0
BRDA:378,81,0,0
BRDA:378,81,1,0
BRDA:380,82,0,0
BRDA:380,82,1,0
BRDA:426,83,0,0
BRDA:426,83,1,0
BRDA:431,84,0,0
BRDA:431,84,1,0
BRDA:436,85,0,0
BRDA:436,85,1,0
BRDA:437,86,0,0
BRDA:437,86,1,0
BRDA:444,87,0,0
BRDA:444,87,1,0
BRDA:444,88,0,0
BRDA:444,88,1,0
BRDA:445,89,0,0
BRDA:445,89,1,0
BRDA:446,90,0,0
BRDA:446,90,1,0
BRDA:447,91,0,0
BRDA:447,91,1,0
BRDA:465,92,0,0
BRDA:465,92,1,0
BRDA:518,93,0,0
BRDA:518,93,1,0
BRDA:521,94,0,0
BRDA:521,94,1,0
BRDA:521,95,0,0
BRDA:521,95,1,0
BRDA:521,95,2,0
BRDA:521,95,3,0
BRDA:521,95,4,0
BRDA:521,95,5,0
BRDA:522,96,0,0
BRDA:522,96,1,0
BRDA:525,97,0,0
BRDA:525,97,1,0
BRDA:528,98,0,0
BRDA:528,98,1,0
BRDA:528,99,0,0
BRDA:528,99,1,0
BRDA:532,100,0,0
BRDA:532,100,1,0
BRDA:535,101,0,0
BRDA:535,101,1,0
BRDA:537,102,0,0
BRDA:537,102,1,0
BRDA:540,103,0,0
BRDA:540,103,1,0
BRDA:541,104,0,0
BRDA:541,104,1,0
BRDA:542,105,0,0
BRDA:542,105,1,0
BRDA:543,106,0,0
BRDA:543,106,1,0
BRDA:550,107,0,0
BRDA:550,107,1,0
BRDA:551,108,0,0
BRDA:551,108,1,0
BRDA:552,109,0,0
BRDA:552,109,1,0
BRDA:553,110,0,0
BRDA:553,110,1,0
BRDA:553,111,0,0
BRDA:553,111,1,0
BRDA:553,112,0,0
BRDA:553,112,1,0
BRDA:554,113,0,0
BRDA:554,113,1,0
BRDA:554,114,0,0
BRDA:554,114,1,0
BRDA:562,115,0,0
BRDA:562,115,1,0
BRDA:563,116,0,0
BRDA:563,116,1,0
BRDA:570,117,0,0
BRDA:570,117,1,0
BRDA:570,118,0,0
BRDA:570,118,1,0
BRDA:582,119,0,0
BRDA:582,119,1,0
BRDA:583,120,0,0
BRDA:583,120,1,0
BRDA:585,121,0,0
BRDA:585,121,1,0
BRDA:591,122,0,0
BRDA:591,122,1,0
BRDA:591,123,0,0
BRDA:591,123,1,0
BRDA:602,124,0,0
BRDA:602,124,1,0
BRDA:603,125,0,0
BRDA:603,125,1,0
BRDA:603,126,0,0
BRDA:603,126,1,0
BRDA:611,127,0,0
BRDA:611,127,1,0
BRDA:612,128,0,0
BRDA:612,128,1,0
BRDA:612,129,0,0
BRDA:612,129,1,0
BRDA:620,130,0,0
BRDA:620,130,1,0
BRDA:621,131,0,0
BRDA:621,131,1,0
BRDA:623,132,0,0
BRDA:623,132,1,0
BRDA:629,133,0,0
BRDA:629,133,1,0
BRDA:630,134,0,0
BRDA:630,134,1,0
BRDA:632,135,0,0
BRDA:632,135,1,0
BRDA:632,136,0,0
BRDA:632,136,1,0
BRDA:645,137,0,0
BRDA:645,137,1,0
BRDA:646,138,0,0
BRDA:646,138,1,0
BRDA:653,139,0,0
BRDA:653,139,1,0
BRDA:653,140,0,0
BRDA:653,140,1,0
BRDA:654,141,0,0
BRDA:654,141,1,0
BRDA:655,142,0,0
BRDA:655,142,1,0
BRDA:655,143,0,0
BRDA:655,143,1,0
BRDA:656,144,0,0
BRDA:656,144,1,0
BRDA:656,145,0,0
BRDA:656,145,1,0
BRDA:657,146,0,0
BRDA:657,146,1,0
BRDA:657,147,0,0
BRDA:657,147,1,0
BRDA:658,148,0,0
BRDA:658,148,1,0
BRDA:658,149,0,0
BRDA:658,149,1,0
BRDA:659,150,0,0
BRDA:659,150,1,0
BRDA:659,151,0,0
BRDA:659,151,1,0
BRDA:660,152,0,0
BRDA:660,152,1,0
BRDA:662,153,0,0
BRDA:662,153,1,0
BRDA:666,154,0,0
BRDA:666,154,1,0
BRDA:666,155,0,0
BRDA:666,155,1,0
BRDA:666,155,2,0
BRDA:667,156,0,0
BRDA:667,156,1,0
BRDA:668,157,0,0
BRDA:668,157,1,0
BRDA:668,158,0,0
BRDA:668,158,1,0
BRDA:673,159,0,0
BRDA:673,159,1,0
BRDA:673,160,0,0
BRDA:673,160,1,0
BRDA:673,160,2,0
BRDA:674,161,0,0
BRDA:674,161,1,0
BRDA:675,162,0,0
BRDA:675,162,1,0
BRDA:675,163,0,0
BRDA:675,163,1,0
BRDA:680,164,0,0
BRDA:680,164,1,0
BRDA:680,165,0,0
BRDA:680,165,1,0
BRDA:681,166,0,0
BRDA:681,166,1,0
BRDA:681,167,0,0
BRDA:681,167,1,0
BRDA:682,168,0,0
BRDA:682,168,1,0
BRDA:682,169,0,0
BRDA:682,169,1,0
BRDA:684,170,0,0
BRDA:684,170,1,0
BRDA:690,171,0,0
BRDA:690,171,1,0
BRDA:690,172,0,0
BRDA:690,172,1,0
BRDA:690,172,2,0
BRDA:690,172,3,0
BRDA:693,173,0,0
BRDA:693,173,1,0
BRDA:695,174,0,0
BRDA:695,174,1,0
BRDA:696,175,0,0
BRDA:696,175,1,0
BRDA:698,176,0,0
BRDA:698,176,1,0
BRDA:699,177,0,0
BRDA:699,177,1,0
BRDA:699,178,0,0
BRDA:699,178,1,0
BRDA:701,179,0,0
BRDA:701,179,1,0
BRDA:702,180,0,0
BRDA:702,180,1,0
BRDA:702,181,0,0
BRDA:702,181,1,0
BRDA:704,182,0,0
BRDA:704,182,1,0
BRDA:705,183,0,0
BRDA:705,183,1,0
BRDA:707,184,0,0
BRDA:707,184,1,0
BRDA:713,185,0,0
BRDA:713,185,1,0
BRDA:714,186,0,0
BRDA:714,186,1,0
BRDA:714,186,2,0
BRDA:714,186,3,0
BRDA:752,187,0,0
BRDA:752,187,1,0
BRDA:757,188,0,0
BRDA:757,188,1,0
BRDA:758,189,0,0
BRDA:758,189,1,0
BRDA:765,190,0,0
BRDA:765,190,1,0
BRDA:765,191,0,0
BRDA:765,191,1,0
BRDA:766,192,0,0
BRDA:766,192,1,0
BRDA:767,193,0,0
BRDA:767,193,1,0
BRDA:768,194,0,0
BRDA:768,194,1,0
BRDA:772,195,0,0
BRDA:772,195,1,0
BRDA:774,196,0,0
BRDA:774,196,1,0
BRDA:774,197,0,0
BRDA:774,197,1,0
BRDA:776,198,0,0
BRDA:776,198,1,0
BRDA:853,199,0,0
BRDA:853,200,0,0
BRDA:858,201,0,0
BRDA:858,201,1,0
BRDA:866,202,0,0
BRDA:866,202,1,0
BRDA:866,203,0,0
BRDA:866,203,1,0
BRDA:870,204,0,0
BRDA:870,204,1,0
BRDA:907,205,0,0
BRDA:907,205,1,0
BRDA:916,206,0,0
BRDA:916,206,1,0
BRDA:917,207,0,0
BRDA:917,207,1,0
BRDA:924,208,0,0
BRDA:924,208,1,0
BRDA:924,209,0,0
BRDA:924,209,1,0
BRDA:925,210,0,0
BRDA:925,210,1,0
BRDA:926,211,0,0
BRDA:926,211,1,0
BRDA:927,212,0,0
BRDA:927,212,1,0
BRDA:931,213,0,0
BRDA:931,213,1,0
BRDA:933,214,0,0
BRDA:933,214,1,0
BRDA:933,215,0,0
BRDA:933,215,1,0
BRDA:935,216,0,0
BRDA:935,216,1,0
BRDA:953,217,0,0
BRDA:953,217,1,0
BRF:447
BRH:0
end_of_record
TN:
SF:src\services\dashboardService.js
FN:7,getDashboardStats
FN:97,(anonymous_1)
FN:102,(anonymous_2)
FN:121,(anonymous_3)
FN:138,(anonymous_4)
FN:159,(anonymous_5)
FN:181,(anonymous_6)
FN:191,(anonymous_7)
FN:256,(anonymous_8)
FN:262,(anonymous_9)
FN:269,(anonymous_10)
FNF:11
FNH:0
FNDA:0,getDashboardStats
FNDA:0,(anonymous_1)
FNDA:0,(anonymous_2)
FNDA:0,(anonymous_3)
FNDA:0,(anonymous_4)
FNDA:0,(anonymous_5)
FNDA:0,(anonymous_6)
FNDA:0,(anonymous_7)
FNDA:0,(anonymous_8)
FNDA:0,(anonymous_9)
FNDA:0,(anonymous_10)
DA:1,2
DA:2,2
DA:8,0
DA:20,0
DA:61,0
DA:62,0
DA:63,0
DA:64,0
DA:65,0
DA:66,0
DA:67,0
DA:68,0
DA:70,0
DA:83,0
DA:94,0
DA:97,0
DA:98,0
DA:102,0
DA:104,0
DA:105,0
DA:108,0
DA:117,0
DA:121,0
DA:122,0
DA:123,0
DA:125,0
DA:126,0
DA:137,0
DA:138,0
DA:139,0
DA:140,0
DA:141,0
DA:148,0
DA:149,0
DA:150,0
DA:152,0
DA:155,0
DA:158,0
DA:159,0
DA:160,0
DA:161,0
DA:163,0
DA:164,0
DA:171,0
DA:172,0
DA:175,0
DA:176,0
DA:180,0
DA:181,0
DA:182,0
DA:186,0
DA:189,0
DA:190,0
DA:191,0
DA:192,0
DA:193,0
DA:195,0
DA:196,0
DA:208,0
DA:209,0
DA:210,0
DA:214,0
DA:215,0
DA:216,0
DA:217,0
DA:218,0
DA:219,0
DA:221,0
DA:224,0
DA:227,0
DA:230,0
DA:244,0
DA:255,0
DA:256,0
DA:262,0
DA:269,0
DA:272,0
DA:274,0
DA:292,0
DA:293,0
DA:295,0
DA:296,0
DA:298,0
DA:299,0
DA:302,0
DA:304,0
DA:305,0
DA:309,2
LF:88
LH:3
BRDA:98,0,0,0
BRDA:98,0,1,0
BRDA:98,0,2,0
BRDA:104,1,0,0
BRDA:104,1,1,0
BRDA:117,2,0,0
BRDA:117,2,1,0
BRDA:117,2,2,0
BRDA:127,3,0,0
BRDA:127,3,1,0
BRDA:127,3,2,0
BRDA:127,3,3,0
BRDA:127,3,4,0
BRDA:127,3,5,0
BRDA:140,4,0,0
BRDA:140,4,1,0
BRDA:149,5,0,0
BRDA:149,5,1,0
BRDA:163,6,0,0
BRDA:163,6,1,0
BRDA:171,7,0,0
BRDA:171,7,1,0
BRDA:182,8,0,0
BRDA:182,8,1,0
BRDA:195,9,0,0
BRDA:195,9,1,0
BRDA:208,10,0,0
BRDA:208,10,1,0
BRDA:208,11,0,0
BRDA:208,11,1,0
BRDA:214,12,0,0
BRDA:214,12,1,0
BRDA:216,13,0,0
BRDA:216,13,1,0
BRDA:218,14,0,0
BRDA:218,14,1,0
BRDA:264,15,0,0
BRDA:264,15,1,0
BRDA:292,16,0,0
BRDA:292,16,1,0
BRDA:295,17,0,0
BRDA:295,17,1,0
BRDA:298,18,0,0
BRDA:298,18,1,0
BRF:44
BRH:0
end_of_record
TN:
SF:src\services\documentService.js
FN:15,sanitizeFileName
FN:20,ensureDirectory
FN:24,removeFileIfExists
FN:34,moveUploadedFile
FN:35,(anonymous_4)
FN:36,(anonymous_5)
FN:46,uploadCandidateDocument
FN:138,getCandidateDocuments
FNF:8
FNH:0
FNDA:0,sanitizeFileName
FNDA:0,ensureDirectory
FNDA:0,removeFileIfExists
FNDA:0,moveUploadedFile
FNDA:0,(anonymous_4)
FNDA:0,(anonymous_5)
FNDA:0,uploadCandidateDocument
FNDA:0,getCandidateDocuments
DA:1,2
DA:2,2
DA:3,2
DA:5,2
DA:6,2
DA:8,2
DA:9,2
DA:16,0
DA:17,0
DA:21,0
DA:25,0
DA:26,0
DA:28,0
DA:29,0
DA:35,0
DA:36,0
DA:37,0
DA:38,0
DA:40,0
DA:47,0
DA:48,0
DA:51,0
DA:52,0
DA:55,0
DA:57,0
DA:59,0
DA:60,0
DA:61,0
DA:64,0
DA:65,0
DA:66,0
DA:69,0
DA:70,0
DA:71,0
DA:74,0
DA:75,0
DA:76,0
DA:78,0
DA:79,0
DA:80,0
DA:82,0
DA:83,0
DA:85,0
DA:86,0
DA:89,0
DA:90,0
DA:92,0
DA:93,0
DA:95,0
DA:102,0
DA:103,0
DA:104,0
DA:106,0
DA:118,0
DA:119,0
DA:122,0
DA:134,0
DA:135,0
DA:139,0
DA:140,0
DA:143,0
DA:149,2
LF:62
LH:8
BRDA:28,0,0,0
BRDA:28,0,1,0
BRDA:37,1,0,0
BRDA:37,1,1,0
BRDA:46,2,0,0
BRDA:47,3,0,0
BRDA:47,3,1,0
BRDA:51,4,0,0
BRDA:51,4,1,0
BRDA:55,5,0,0
BRDA:57,6,0,0
BRDA:57,6,1,0
BRDA:59,7,0,0
BRDA:59,7,1,0
BRDA:60,8,0,0
BRDA:60,8,1,0
BRDA:65,9,0,0
BRDA:65,9,1,0
BRDA:70,10,0,0
BRDA:70,10,1,0
BRDA:78,11,0,0
BRDA:78,11,1,0
BRDA:90,12,0,0
BRDA:90,12,1,0
BRDA:90,12,2,0
BRDA:102,13,0,0
BRDA:102,13,1,0
BRDA:139,14,0,0
BRDA:139,14,1,0
BRF:29
BRH:0
end_of_record
TN:
SF:src\services\fptkService.js
FN:75,mapUiStatusToApplicationStatus
FN:81,normalizeAppliedCandidates
FN:85,(anonymous_2)
FN:96,(anonymous_3)
FN:112,syncFptkApplicationsTx
FN:130,(anonymous_5)
FN:131,(anonymous_6)
FN:134,(anonymous_7)
FN:135,(anonymous_8)
FN:180,getFptkWithRelations
FN:190,createFPTK
FN:247,(anonymous_11)
FN:279,(anonymous_12)
FN:285,(anonymous_13)
FN:306,getFPTKById
FN:319,getAllFPTKs
FN:380,updateFPTK
FN:492,(anonymous_17)
FN:514,publishFPTK
FN:532,unpublishFPTK
FN:548,getPublishedFPTKs
FN:624,updateFilledPositions
FNF:22
FNH:0
FNDA:0,mapUiStatusToApplicationStatus
FNDA:0,normalizeAppliedCandidates
FNDA:0,(anonymous_2)
FNDA:0,(anonymous_3)
FNDA:0,syncFptkApplicationsTx
FNDA:0,(anonymous_5)
FNDA:0,(anonymous_6)
FNDA:0,(anonymous_7)
FNDA:0,(anonymous_8)
FNDA:0,getFptkWithRelations
FNDA:0,createFPTK
FNDA:0,(anonymous_11)
FNDA:0,(anonymous_12)
FNDA:0,(anonymous_13)
FNDA:0,getFPTKById
FNDA:0,getAllFPTKs
FNDA:0,updateFPTK
FNDA:0,(anonymous_17)
FNDA:0,publishFPTK
FNDA:0,unpublishFPTK
FNDA:0,getPublishedFPTKs
FNDA:0,updateFilledPositions
DA:1,2
DA:2,2
DA:4,2
DA:33,2
DA:76,0
DA:77,0
DA:78,0
DA:82,0
DA:83,0
DA:85,0
DA:86,0
DA:87,0
DA:95,0
DA:96,0
DA:97,0
DA:98,0
DA:99,0
DA:100,0
DA:101,0
DA:102,0
DA:105,0
DA:106,0
DA:109,0
DA:113,0
DA:114,0
DA:117,0
DA:119,0
DA:120,0
DA:123,0
DA:126,0
DA:130,0
DA:131,0
DA:133,0
DA:134,0
DA:135,0
DA:137,0
DA:138,0
DA:143,0
DA:144,0
DA:145,0
DA:147,0
DA:148,0
DA:149,0
DA:150,0
DA:152,0
DA:153,0
DA:162,0
DA:163,0
DA:174,0
DA:181,0
DA:191,0
DA:192,0
DA:194,0
DA:195,0
DA:198,0
DA:199,0
DA:203,0
DA:204,0
DA:207,0
DA:210,0
DA:211,0
DA:216,0
DA:248,0
DA:249,0
DA:251,0
DA:252,0
DA:254,0
DA:256,0
DA:279,0
DA:280,0
DA:281,0
DA:285,0
DA:286,0
DA:290,0
DA:291,0
DA:294,0
DA:297,0
DA:299,0
DA:300,0
DA:307,0
DA:309,0
DA:310,0
DA:313,0
DA:320,0
DA:321,0
DA:323,0
DA:325,0
DA:326,0
DA:329,0
DA:330,0
DA:333,0
DA:334,0
DA:337,0
DA:338,0
DA:347,0
DA:348,0
DA:351,0
DA:352,0
DA:355,0
DA:366,0
DA:381,0
DA:385,0
DA:386,0
DA:389,0
DA:395,0
DA:401,0
DA:404,0
DA:408,0
DA:409,0
DA:412,0
DA:413,0
DA:420,0
DA:421,0
DA:425,0
DA:426,0
DA:431,0
DA:434,0
DA:435,0
DA:437,0
DA:441,0
DA:442,0
DA:445,0
DA:446,0
DA:449,0
DA:450,0
DA:451,0
DA:452,0
DA:453,0
DA:454,0
DA:455,0
DA:457,0
DA:458,0
DA:459,0
DA:460,0
DA:461,0
DA:462,0
DA:463,0
DA:464,0
DA:465,0
DA:467,0
DA:468,0
DA:469,0
DA:470,0
DA:471,0
DA:472,0
DA:473,0
DA:474,0
DA:475,0
DA:476,0
DA:477,0
DA:479,0
DA:480,0
DA:481,0
DA:482,0
DA:483,0
DA:486,0
DA:487,0
DA:488,0
DA:489,0
DA:490,0
DA:492,0
DA:493,0
DA:498,0
DA:499,0
DA:502,0
DA:505,0
DA:507,0
DA:508,0
DA:515,0
DA:524,0
DA:526,0
DA:533,0
DA:540,0
DA:542,0
DA:549,0
DA:550,0
DA:552,0
DA:557,0
DA:558,0
DA:561,0
DA:562,0
DA:565,0
DA:566,0
DA:569,0
DA:570,0
DA:576,0
DA:610,0
DA:625,0
DA:638,0
DA:639,0
DA:642,0
DA:643,0
DA:646,0
DA:654,0
DA:657,2
LF:195
LH:5
BRDA:76,0,0,0
BRDA:76,0,1,0
BRDA:78,1,0,0
BRDA:78,1,1,0
BRDA:82,2,0,0
BRDA:82,2,1,0
BRDA:85,3,0,0
BRDA:86,4,0,0
BRDA:86,4,1,0
BRDA:90,5,0,0
BRDA:90,5,1,0
BRDA:90,5,2,0
BRDA:95,6,0,0
BRDA:95,6,1,0
BRDA:97,7,0,0
BRDA:97,7,1,0
BRDA:98,8,0,0
BRDA:98,8,1,0
BRDA:100,9,0,0
BRDA:100,9,1,0
BRDA:101,10,0,0
BRDA:101,10,1,0
BRDA:105,11,0,0
BRDA:105,11,1,0
BRDA:112,12,0,0
BRDA:113,13,0,0
BRDA:113,13,1,0
BRDA:119,14,0,0
BRDA:119,14,1,0
BRDA:137,15,0,0
BRDA:137,15,1,0
BRDA:145,16,0,0
BRDA:145,16,1,0
BRDA:149,17,0,0
BRDA:149,17,1,0
BRDA:149,18,0,0
BRDA:149,18,1,0
BRDA:150,19,0,0
BRDA:150,19,1,0
BRDA:150,19,2,0
BRDA:152,20,0,0
BRDA:152,20,1,0
BRDA:170,21,0,0
BRDA:170,21,1,0
BRDA:191,22,0,0
BRDA:191,22,1,0
BRDA:192,23,0,0
BRDA:192,23,1,0
BRDA:192,23,2,0
BRDA:194,24,0,0
BRDA:194,24,1,0
BRDA:194,25,0,0
BRDA:194,25,1,0
BRDA:198,26,0,0
BRDA:198,26,1,0
BRDA:203,27,0,0
BRDA:203,27,1,0
BRDA:210,28,0,0
BRDA:210,28,1,0
BRDA:211,29,0,0
BRDA:211,29,1,0
BRDA:212,30,0,0
BRDA:212,30,1,0
BRDA:219,31,0,0
BRDA:219,31,1,0
BRDA:224,32,0,0
BRDA:224,32,1,0
BRDA:225,33,0,0
BRDA:225,33,1,0
BRDA:226,34,0,0
BRDA:226,34,1,0
BRDA:227,35,0,0
BRDA:227,35,1,0
BRDA:231,36,0,0
BRDA:231,36,1,0
BRDA:232,37,0,0
BRDA:232,37,1,0
BRDA:232,37,2,0
BRDA:233,38,0,0
BRDA:233,38,1,0
BRDA:234,39,0,0
BRDA:234,39,1,0
BRDA:235,40,0,0
BRDA:235,40,1,0
BRDA:242,41,0,0
BRDA:242,41,1,0
BRDA:245,42,0,0
BRDA:245,42,1,0
BRDA:246,43,0,0
BRDA:246,43,1,0
BRDA:246,44,0,0
BRDA:246,44,1,0
BRDA:251,45,0,0
BRDA:251,45,1,0
BRDA:261,46,0,0
BRDA:261,46,1,0
BRDA:261,47,0,0
BRDA:261,47,1,0
BRDA:265,48,0,0
BRDA:265,48,1,0
BRDA:265,48,2,0
BRDA:266,49,0,0
BRDA:266,49,1,0
BRDA:266,49,2,0
BRDA:268,50,0,0
BRDA:268,50,1,0
BRDA:272,51,0,0
BRDA:272,51,1,0
BRDA:273,52,0,0
BRDA:273,52,1,0
BRDA:280,53,0,0
BRDA:280,53,1,0
BRDA:290,54,0,0
BRDA:290,54,1,0
BRDA:297,55,0,0
BRDA:297,55,1,0
BRDA:300,56,0,0
BRDA:300,56,1,0
BRDA:309,57,0,0
BRDA:309,57,1,0
BRDA:320,58,0,0
BRDA:320,59,0,0
BRDA:325,60,0,0
BRDA:325,60,1,0
BRDA:329,61,0,0
BRDA:329,61,1,0
BRDA:333,62,0,0
BRDA:333,62,1,0
BRDA:337,63,0,0
BRDA:337,63,1,0
BRDA:347,64,0,0
BRDA:347,64,1,0
BRDA:351,65,0,0
BRDA:351,65,1,0
BRDA:385,66,0,0
BRDA:385,66,1,0
BRDA:389,67,0,0
BRDA:389,67,1,0
BRDA:389,68,0,0
BRDA:389,68,1,0
BRDA:395,69,0,0
BRDA:395,69,1,0
BRDA:397,70,0,0
BRDA:397,70,1,0
BRDA:401,71,0,0
BRDA:401,71,1,0
BRDA:404,72,0,0
BRDA:404,72,1,0
BRDA:404,73,0,0
BRDA:404,73,1,0
BRDA:406,74,0,0
BRDA:406,74,1,0
BRDA:406,74,2,0
BRDA:408,75,0,0
BRDA:408,75,1,0
BRDA:408,76,0,0
BRDA:408,76,1,0
BRDA:412,77,0,0
BRDA:412,77,1,0
BRDA:412,78,0,0
BRDA:412,78,1,0
BRDA:420,79,0,0
BRDA:420,79,1,0
BRDA:425,80,0,0
BRDA:425,80,1,0
BRDA:426,81,0,0
BRDA:426,81,1,0
BRDA:427,82,0,0
BRDA:427,82,1,0
BRDA:434,83,0,0
BRDA:434,83,1,0
BRDA:435,84,0,0
BRDA:435,84,1,0
BRDA:435,85,0,0
BRDA:435,85,1,0
BRDA:437,86,0,0
BRDA:437,86,1,0
BRDA:441,87,0,0
BRDA:441,87,1,0
BRDA:442,88,0,0
BRDA:442,88,1,0
BRDA:445,89,0,0
BRDA:445,89,1,0
BRDA:445,90,0,0
BRDA:445,90,1,0
BRDA:446,91,0,0
BRDA:446,91,1,0
BRDA:449,92,0,0
BRDA:449,92,1,0
BRDA:450,93,0,0
BRDA:450,93,1,0
BRDA:451,94,0,0
BRDA:451,94,1,0
BRDA:452,95,0,0
BRDA:452,95,1,0
BRDA:453,96,0,0
BRDA:453,96,1,0
BRDA:457,97,0,0
BRDA:457,97,1,0
BRDA:458,98,0,0
BRDA:458,98,1,0
BRDA:459,99,0,0
BRDA:459,99,1,0
BRDA:460,100,0,0
BRDA:460,100,1,0
BRDA:461,101,0,0
BRDA:461,101,1,0
BRDA:462,102,0,0
BRDA:462,102,1,0
BRDA:463,103,0,0
BRDA:463,103,1,0
BRDA:467,104,0,0
BRDA:467,104,1,0
BRDA:468,105,0,0
BRDA:468,105,1,0
BRDA:469,106,0,0
BRDA:469,106,1,0
BRDA:470,107,0,0
BRDA:470,107,1,0
BRDA:471,108,0,0
BRDA:471,108,1,0
BRDA:472,109,0,0
BRDA:472,109,1,0
BRDA:473,110,0,0
BRDA:473,110,1,0
BRDA:474,111,0,0
BRDA:474,111,1,0
BRDA:475,112,0,0
BRDA:475,112,1,0
BRDA:479,113,0,0
BRDA:479,113,1,0
BRDA:480,114,0,0
BRDA:480,114,1,0
BRDA:481,115,0,0
BRDA:481,115,1,0
BRDA:482,116,0,0
BRDA:482,116,1,0
BRDA:483,117,0,0
BRDA:483,117,1,0
BRDA:486,118,0,0
BRDA:486,118,1,0
BRDA:487,119,0,0
BRDA:487,119,1,0
BRDA:488,120,0,0
BRDA:488,120,1,0
BRDA:489,121,0,0
BRDA:489,121,1,0
BRDA:490,122,0,0
BRDA:490,122,1,0
BRDA:498,123,0,0
BRDA:498,123,1,0
BRDA:508,124,0,0
BRDA:508,124,1,0
BRDA:549,125,0,0
BRDA:549,126,0,0
BRDA:557,127,0,0
BRDA:557,127,1,0
BRDA:561,128,0,0
BRDA:561,128,1,0
BRDA:565,129,0,0
BRDA:565,129,1,0
BRDA:569,130,0,0
BRDA:569,130,1,0
BRDA:638,131,0,0
BRDA:638,131,1,0
BRDA:643,132,0,0
BRDA:643,132,1,0
BRDA:644,133,0,0
BRDA:644,133,1,0
BRF:269
BRH:0
end_of_record
TN:
SF:src\services\masterDivisionService.js
FN:7,getAllDivisions
FN:36,getDivisionById
FN:51,createDivision
FN:78,updateDivision
FN:121,deleteDivision
FNF:5
FNH:0
FNDA:0,getAllDivisions
FNDA:0,getDivisionById
FNDA:0,createDivision
FNDA:0,updateDivision
FNDA:0,deleteDivision
DA:1,2
DA:2,2
DA:8,0
DA:10,0
DA:11,0
DA:18,0
DA:19,0
DA:22,0
DA:30,0
DA:37,0
DA:41,0
DA:42,0
DA:45,0
DA:53,0
DA:62,0
DA:63,0
DA:66,0
DA:70,0
DA:72,0
DA:80,0
DA:81,0
DA:85,0
DA:86,0
DA:89,0
DA:90,0
DA:92,0
DA:93,0
DA:102,0
DA:103,0
DA:108,0
DA:113,0
DA:115,0
DA:122,0
DA:126,0
DA:128,0
DA:131,2
LF:36
LH:3
BRDA:7,0,0,0
BRDA:10,1,0,0
BRDA:10,1,1,0
BRDA:18,2,0,0
BRDA:18,2,1,0
BRDA:41,3,0,0
BRDA:41,3,1,0
BRDA:62,4,0,0
BRDA:62,4,1,0
BRDA:80,5,0,0
BRDA:80,5,1,0
BRDA:80,6,0,0
BRDA:80,6,1,0
BRDA:85,7,0,0
BRDA:85,7,1,0
BRDA:89,8,0,0
BRDA:89,8,1,0
BRDA:90,9,0,0
BRDA:90,9,1,0
BRDA:92,10,0,0
BRDA:92,10,1,0
BRDA:92,11,0,0
BRDA:92,11,1,0
BRDA:102,12,0,0
BRDA:102,12,1,0
BRDA:102,13,0,0
BRDA:102,13,1,0
BRF:27
BRH:0
end_of_record
TN:
SF:src\services\masterOfficeLocationService.js
FN:7,getAllOfficeLocations
FN:41,getOfficeLocationById
FN:56,createOfficeLocation
FN:84,updateOfficeLocation
FN:129,deleteOfficeLocation
FNF:5
FNH:0
FNDA:0,getAllOfficeLocations
FNDA:0,getOfficeLocationById
FNDA:0,createOfficeLocation
FNDA:0,updateOfficeLocation
FNDA:0,deleteOfficeLocation
DA:1,2
DA:2,2
DA:8,0
DA:10,0
DA:11,0
DA:18,0
DA:19,0
DA:22,0
DA:23,0
DA:26,0
DA:35,0
DA:42,0
DA:46,0
DA:47,0
DA:50,0
DA:58,0
DA:68,0
DA:69,0
DA:72,0
DA:76,0
DA:78,0
DA:86,0
DA:87,0
DA:91,0
DA:92,0
DA:95,0
DA:96,0
DA:97,0
DA:99,0
DA:100,0
DA:110,0
DA:111,0
DA:116,0
DA:121,0
DA:123,0
DA:130,0
DA:134,0
DA:136,0
DA:139,2
LF:39
LH:3
BRDA:7,0,0,0
BRDA:10,1,0,0
BRDA:10,1,1,0
BRDA:18,2,0,0
BRDA:18,2,1,0
BRDA:22,3,0,0
BRDA:22,3,1,0
BRDA:46,4,0,0
BRDA:46,4,1,0
BRDA:68,5,0,0
BRDA:68,5,1,0
BRDA:86,6,0,0
BRDA:86,6,1,0
BRDA:86,7,0,0
BRDA:86,7,1,0
BRDA:86,7,2,0
BRDA:91,8,0,0
BRDA:91,8,1,0
BRDA:95,9,0,0
BRDA:95,9,1,0
BRDA:96,10,0,0
BRDA:96,10,1,0
BRDA:97,11,0,0
BRDA:97,11,1,0
BRDA:99,12,0,0
BRDA:99,12,1,0
BRDA:99,13,0,0
BRDA:99,13,1,0
BRDA:99,13,2,0
BRDA:110,14,0,0
BRDA:110,14,1,0
BRDA:110,15,0,0
BRDA:110,15,1,0
BRF:33
BRH:0
end_of_record
TN:
SF:src\utils\encryption.js
FN:14,encrypt
FN:30,decrypt
FN:47,hash
FNF:3
FNH:0
FNDA:0,encrypt
FNDA:0,decrypt
FNDA:0,hash
DA:1,2
DA:3,2
DA:5,2
DA:6,0
DA:15,0
DA:17,0
DA:18,0
DA:19,0
DA:21,0
DA:31,0
DA:33,0
DA:34,0
DA:35,0
DA:36,0
DA:38,0
DA:48,0
DA:51,2
LF:17
LH:4
BRDA:5,0,0,0
BRDA:5,0,1,2
BRDA:5,1,0,2
BRDA:5,1,1,2
BRDA:15,2,0,0
BRDA:15,2,1,0
BRDA:31,3,0,0
BRDA:31,3,1,0
BRF:8
BRH:3
end_of_record
TN:
SF:src\utils\logger.js
FN:8,(anonymous_0)
FN:12,(anonymous_1)
FN:27,(anonymous_2)
FNF:3
FNH:2
FNDA:15,(anonymous_0)
FNDA:0,(anonymous_1)
FNDA:15,(anonymous_2)
DA:1,2
DA:2,2
DA:3,2
DA:5,2
DA:8,2
DA:9,15
DA:11,15
DA:12,0
DA:13,0
DA:14,0
DA:19,15
DA:23,2
DA:28,15
DA:29,0
DA:31,15
DA:36,2
DA:66,2
DA:87,2
LF:18
LH:14
BRDA:5,0,0,2
BRDA:5,0,1,2
BRDA:11,1,0,0
BRDA:11,1,1,15
BRDA:11,2,0,15
BRDA:11,2,1,15
BRDA:13,3,0,0
BRDA:13,3,1,0
BRDA:28,4,0,0
BRDA:28,4,1,15
BRDA:67,5,0,2
BRDA:67,5,1,2
BRF:12
BRH:8
end_of_record
TN:
SF:src\utils\token.js
FN:15,generateAccessToken
FN:24,generateRefreshToken
FN:33,verifyAccessToken
FN:46,verifyRefreshToken
FN:61,saveRefreshToken
FN:80,revokeRefreshToken
FN:91,revokeAllUserTokens
FN:101,cleanupExpiredTokens
FNF:8
FNH:0
FNDA:0,generateAccessToken
FNDA:0,generateRefreshToken
FNDA:0,verifyAccessToken
FNDA:0,verifyRefreshToken
FNDA:0,saveRefreshToken
FNDA:0,revokeRefreshToken
FNDA:0,revokeAllUserTokens
FNDA:0,cleanupExpiredTokens
DA:1,2
DA:2,2
DA:3,2
DA:5,2
DA:6,2
DA:7,2
DA:8,2
DA:16,0
DA:25,0
DA:34,0
DA:35,0
DA:37,0
DA:47,0
DA:48,0
DA:50,0
DA:62,0
DA:63,0
DA:65,0
DA:81,0
DA:92,0
DA:102,0
DA:103,0
DA:113,2
LF:23
LH:8
BRDA:7,0,0,2
BRDA:7,0,1,2
BRDA:8,1,0,2
BRDA:8,1,1,2
BRDA:61,2,0,0
BRF:5
BRH:4
end_of_record
